<?xml version="1.0" encoding="UTF-8"?>
<!-- Generated by org.testng.reporters.JUnitReportReporter -->
<testsuite hostname="DESKTOP-M91D5GE" failures="0" tests="1" name="tests.Get" time="2.171" errors="0" timestamp="07 Jun 2020 08:54:23 GMT" skipped="0">
  <testcase classname="tests.Get" name="testGet1" time="2.171"/>
</testsuite> <!-- tests.Get -->
