<?xml version="1.0" encoding="UTF-8"?>
<!-- Generated by org.testng.reporters.JUnitReportReporter -->
<testsuite hostname="DESKTOP-M91D5GE" failures="0" tests="2" name="tests.Put" time="3.178" errors="0" timestamp="04 Jun 2020 05:10:43 GMT" skipped="0">
  <testcase classname="tests.Put" name="putMethod" time="2.269"/>
  <testcase classname="tests.Put" name="getPutValues" time="0.909"/>
</testsuite> <!-- tests.Put -->
